<?xml version="1.0" encoding="UTF-8"?>
<!-- Generated by org.testng.reporters.JUnitXMLReporter -->
<testsuite ignored="0" hostname="LAPTOP-APPRKD45" failures="0" tests="3" name="Default test" time="24.626" errors="0" timestamp="2023-07-26T22:56:02 IST">
  <testcase classname="com.qa.testcases.TC_VerifyMainElements_005" name="test1" time="18.904"/>
  <testcase classname="com.qa.testcases.TC_VerifyMainElements_005" name="test2" time="0.224"/>
  <testcase classname="com.qa.testcases.TC_VerifyMainElements_005" name="test3" time="0.024"/>
</testsuite> <!-- Default test -->
