<?xml version="1.0" encoding="UTF-8"?>
<testng-results ignored="0" total="9" passed="9" failed="0" skipped="0">
  <reporter-output>
  </reporter-output>
  <suite started-at="2023-09-14T06:10:44 IST" name="Default suite" finished-at="2023-09-14T06:10:49 IST" duration-ms="4962">
    <groups>
    </groups>
    <test started-at="2023-09-14T06:10:44 IST" name="Default test" finished-at="2023-09-14T06:10:49 IST" duration-ms="4962">
      <class name="com.qa.base.Project">
        <test-method is-config="true" signature="setup()[pri:0, instance:com.qa.base.Project@7b2bbc3]" started-at="2023-09-14T06:10:44 IST" name="setup" finished-at="2023-09-14T06:10:45 IST" duration-ms="1578" status="PASS">
          <reporter-output>
          </reporter-output>
        </test-method> <!-- setup -->
        <test-method signature="linkTest()[pri:0, instance:com.qa.base.Project@7b2bbc3]" started-at="2023-09-14T06:10:45 IST" name="linkTest" finished-at="2023-09-14T06:10:48 IST" duration-ms="2629" status="PASS">
          <reporter-output>
          </reporter-output>
        </test-method> <!-- linkTest -->
        <test-method signature="username()[pri:1, instance:com.qa.base.Project@7b2bbc3]" started-at="2023-09-14T06:10:48 IST" name="username" finished-at="2023-09-14T06:10:48 IST" duration-ms="56" status="PASS">
          <reporter-output>
          </reporter-output>
        </test-method> <!-- username -->
        <test-method signature="password()[pri:2, instance:com.qa.base.Project@7b2bbc3]" started-at="2023-09-14T06:10:48 IST" name="password" finished-at="2023-09-14T06:10:48 IST" duration-ms="42" status="PASS">
          <reporter-output>
          </reporter-output>
        </test-method> <!-- password -->
        <test-method signature="comments()[pri:3, instance:com.qa.base.Project@7b2bbc3]" started-at="2023-09-14T06:10:48 IST" name="comments" finished-at="2023-09-14T06:10:48 IST" duration-ms="29" status="PASS">
          <reporter-output>
          </reporter-output>
        </test-method> <!-- comments -->
        <test-method signature="comment()[pri:4, instance:com.qa.base.Project@7b2bbc3]" started-at="2023-09-14T06:10:48 IST" name="comment" finished-at="2023-09-14T06:10:48 IST" duration-ms="41" status="PASS">
          <reporter-output>
          </reporter-output>
        </test-method> <!-- comment -->
        <test-method signature="radioButtons()[pri:5, instance:com.qa.base.Project@7b2bbc3]" started-at="2023-09-14T06:10:48 IST" name="radioButtons" finished-at="2023-09-14T06:10:48 IST" duration-ms="18" status="PASS">
          <reporter-output>
          </reporter-output>
        </test-method> <!-- radioButtons -->
        <test-method signature="radioButton()[pri:6, instance:com.qa.base.Project@7b2bbc3]" started-at="2023-09-14T06:10:48 IST" name="radioButton" finished-at="2023-09-14T06:10:48 IST" duration-ms="48" status="PASS">
          <reporter-output>
          </reporter-output>
        </test-method> <!-- radioButton -->
        <test-method signature="dropDown()[pri:7, instance:com.qa.base.Project@7b2bbc3]" started-at="2023-09-14T06:10:48 IST" name="dropDown" finished-at="2023-09-14T06:10:48 IST" duration-ms="117" status="PASS">
          <reporter-output>
          </reporter-output>
        </test-method> <!-- dropDown -->
        <test-method signature="submit()[pri:8, instance:com.qa.base.Project@7b2bbc3]" started-at="2023-09-14T06:10:48 IST" name="submit" finished-at="2023-09-14T06:10:49 IST" duration-ms="249" status="PASS">
          <reporter-output>
          </reporter-output>
        </test-method> <!-- submit -->
        <test-method is-config="true" signature="teardown()[pri:0, instance:com.qa.base.Project@7b2bbc3]" started-at="2023-09-14T06:10:49 IST" name="teardown" finished-at="2023-09-14T06:10:49 IST" duration-ms="119" status="PASS">
          <reporter-output>
          </reporter-output>
        </test-method> <!-- teardown -->
      </class> <!-- com.qa.base.Project -->
    </test> <!-- Default test -->
  </suite> <!-- Default suite -->
</testng-results>
