<?xml version="1.0" encoding="UTF-8"?>
<testng-results ignored="0" total="1" passed="1" failed="0" skipped="0">
  <reporter-output>
  </reporter-output>
  <suite started-at="2023-12-11T18:27:17 IST" name="Default suite" finished-at="2023-12-11T18:27:25 IST" duration-ms="7952">
    <groups>
    </groups>
    <test started-at="2023-12-11T18:27:17 IST" name="Default test" finished-at="2023-12-11T18:27:25 IST" duration-ms="7952">
      <class name="tests.Autosuggestions">
        <test-method signature="testAutosuggestion()[pri:0, instance:tests.Autosuggestions@689604d9]" started-at="2023-12-11T18:27:17 IST" name="testAutosuggestion" finished-at="2023-12-11T18:27:25 IST" duration-ms="7902" status="PASS">
          <reporter-output>
          </reporter-output>
        </test-method> <!-- testAutosuggestion -->
      </class> <!-- tests.Autosuggestions -->
    </test> <!-- Default test -->
  </suite> <!-- Default suite -->
</testng-results>
