<?xml version="1.0" encoding="UTF-8"?>
<!-- Generated by org.testng.reporters.JUnitXMLReporter -->
<testsuite ignored="0" hostname="LAPTOP-APPRKD45" failures="0" tests="9" name="Default test" time="4.962" errors="0" timestamp="2023-09-14T06:10:49 IST">
  <testcase classname="com.qa.base.Project" name="linkTest" time="2.629"/>
  <testcase classname="com.qa.base.Project" name="username" time="0.056"/>
  <testcase classname="com.qa.base.Project" name="password" time="0.042"/>
  <testcase classname="com.qa.base.Project" name="comments" time="0.029"/>
  <testcase classname="com.qa.base.Project" name="comment" time="0.041"/>
  <testcase classname="com.qa.base.Project" name="radioButtons" time="0.018"/>
  <testcase classname="com.qa.base.Project" name="radioButton" time="0.048"/>
  <testcase classname="com.qa.base.Project" name="dropDown" time="0.117"/>
  <testcase classname="com.qa.base.Project" name="submit" time="0.249"/>
</testsuite> <!-- Default test -->
