<?xml version="1.0" encoding="UTF-8"?>
<testng-results ignored="0" total="12" passed="11" failed="1" skipped="0">
  <reporter-output>
  </reporter-output>
  <suite started-at="2023-07-27T04:44:25 IST" name="Suite" finished-at="2023-07-27T04:45:17 IST" duration-ms="52149">
    <groups>
    </groups>
    <test started-at="2023-07-27T04:44:25 IST" name="Test" finished-at="2023-07-27T04:45:17 IST" duration-ms="52149">
      <class name="com.qa.testcases.TC_RegisterPage_002">
        <test-method is-config="true" signature="setup()[pri:0, instance:com.qa.testcases.TC_RegisterPage_002@6a78afa0]" started-at="2023-07-27T04:44:34 IST" name="setup" finished-at="2023-07-27T04:44:37 IST" duration-ms="2592" status="PASS">
          <reporter-output>
          </reporter-output>
        </test-method> <!-- setup -->
        <test-method signature="test01()[pri:1, instance:com.qa.testcases.TC_RegisterPage_002@6a78afa0]" started-at="2023-07-27T04:44:37 IST" name="test01" finished-at="2023-07-27T04:44:42 IST" duration-ms="5010" status="PASS">
          <reporter-output>
          </reporter-output>
        </test-method> <!-- test01 -->
        <test-method signature="test02()[pri:2, instance:com.qa.testcases.TC_RegisterPage_002@6a78afa0]" started-at="2023-07-27T04:44:42 IST" name="test02" finished-at="2023-07-27T04:44:44 IST" duration-ms="2011" status="PASS">
          <reporter-output>
          </reporter-output>
        </test-method> <!-- test02 -->
        <test-method signature="testUserVerify()[pri:3, instance:com.qa.testcases.TC_RegisterPage_002@6a78afa0]" started-at="2023-07-27T04:44:44 IST" name="testUserVerify" finished-at="2023-07-27T04:44:44 IST" duration-ms="30" status="FAIL">
          <exception class="org.openqa.selenium.NoSuchElementException">
            <message>
              <![CDATA[no such element: Unable to locate element: {"method":"link text","selector":"test_27_440@gmail.com"}
  (Session info: chrome=115.0.5790.102)
For documentation on this error, please visit: https://selenium.dev/exceptions/#no_such_element
Build info: version: '4.8.3', revision: 'e5e76298c3'
System info: os.name: 'Windows 11', os.arch: 'amd64', os.version: '10.0', java.version: '17.0.5'
Driver info: org.openqa.selenium.chrome.ChromeDriver
Command: [aaf36c831159f36b5c3a21850d430712, findElement {using=link text, value=test_27_440@gmail.com}]
Capabilities {acceptInsecureCerts: false, browserName: chrome, browserVersion: 115.0.5790.102, chrome: {chromedriverVersion: 114.0.5735.90 (386bc09e8f4f..., userDataDir: C:\Users\HP\AppData\Local\T...}, goog:chromeOptions: {debuggerAddress: localhost:55580}, networkConnectionEnabled: false, pageLoadStrategy: normal, platformName: WINDOWS, proxy: Proxy(), se:cdp: ws://localhost:55580/devtoo..., se:cdpVersion: 115.0.5790.102, setWindowRect: true, strictFileInteractability: false, timeouts: {implicit: 0, pageLoad: 300000, script: 30000}, unhandledPromptBehavior: dismiss and notify, webauthn:extension:credBlob: true, webauthn:extension:largeBlob: true, webauthn:extension:minPinLength: true, webauthn:extension:prf: true, webauthn:virtualAuthenticators: true}
Session ID: aaf36c831159f36b5c3a21850d430712]]>
            </message>
            <full-stacktrace>
              <![CDATA[org.openqa.selenium.NoSuchElementException: no such element: Unable to locate element: {"method":"link text","selector":"test_27_440@gmail.com"}
  (Session info: chrome=115.0.5790.102)
For documentation on this error, please visit: https://selenium.dev/exceptions/#no_such_element
Build info: version: '4.8.3', revision: 'e5e76298c3'
System info: os.name: 'Windows 11', os.arch: 'amd64', os.version: '10.0', java.version: '17.0.5'
Driver info: org.openqa.selenium.chrome.ChromeDriver
Command: [aaf36c831159f36b5c3a21850d430712, findElement {using=link text, value=test_27_440@gmail.com}]
Capabilities {acceptInsecureCerts: false, browserName: chrome, browserVersion: 115.0.5790.102, chrome: {chromedriverVersion: 114.0.5735.90 (386bc09e8f4f..., userDataDir: C:\Users\HP\AppData\Local\T...}, goog:chromeOptions: {debuggerAddress: localhost:55580}, networkConnectionEnabled: false, pageLoadStrategy: normal, platformName: WINDOWS, proxy: Proxy(), se:cdp: ws://localhost:55580/devtoo..., se:cdpVersion: 115.0.5790.102, setWindowRect: true, strictFileInteractability: false, timeouts: {implicit: 0, pageLoad: 300000, script: 30000}, unhandledPromptBehavior: dismiss and notify, webauthn:extension:credBlob: true, webauthn:extension:largeBlob: true, webauthn:extension:minPinLength: true, webauthn:extension:prf: true, webauthn:virtualAuthenticators: true}
Session ID: aaf36c831159f36b5c3a21850d430712
at java.base/jdk.internal.reflect.NativeConstructorAccessorImpl.newInstance0(Native Method)
at java.base/jdk.internal.reflect.NativeConstructorAccessorImpl.newInstance(NativeConstructorAccessorImpl.java:77)
at java.base/jdk.internal.reflect.DelegatingConstructorAccessorImpl.newInstance(DelegatingConstructorAccessorImpl.java:45)
at java.base/java.lang.reflect.Constructor.newInstanceWithCaller(Constructor.java:499)
at java.base/java.lang.reflect.Constructor.newInstance(Constructor.java:480)
at org.openqa.selenium.remote.codec.w3c.W3CHttpResponseCodec.createException(W3CHttpResponseCodec.java:200)
at org.openqa.selenium.remote.codec.w3c.W3CHttpResponseCodec.decode(W3CHttpResponseCodec.java:133)
at org.openqa.selenium.remote.codec.w3c.W3CHttpResponseCodec.decode(W3CHttpResponseCodec.java:53)
at org.openqa.selenium.remote.HttpCommandExecutor.execute(HttpCommandExecutor.java:193)
at org.openqa.selenium.remote.service.DriverCommandExecutor.invokeExecute(DriverCommandExecutor.java:183)
at org.openqa.selenium.remote.service.DriverCommandExecutor.execute(DriverCommandExecutor.java:158)
at org.openqa.selenium.remote.RemoteWebDriver.execute(RemoteWebDriver.java:543)
at org.openqa.selenium.remote.ElementLocation$ElementFinder$2.findElement(ElementLocation.java:162)
at org.openqa.selenium.remote.ElementLocation.findElement(ElementLocation.java:60)
at org.openqa.selenium.remote.RemoteWebDriver.findElement(RemoteWebDriver.java:352)
at org.openqa.selenium.remote.RemoteWebDriver.findElement(RemoteWebDriver.java:344)
at org.openqa.selenium.support.pagefactory.DefaultElementLocator.findElement(DefaultElementLocator.java:70)
at org.openqa.selenium.support.pagefactory.internal.LocatingElementHandler.invoke(LocatingElementHandler.java:39)
at jdk.proxy2/jdk.proxy2.$Proxy16.getText(Unknown Source)
at com.qa.pages.RegistrationPage.user(RegistrationPage.java:62)
at com.qa.testcases.TC_RegisterPage_002.testUserVerify(TC_RegisterPage_002.java:33)
at java.base/jdk.internal.reflect.NativeMethodAccessorImpl.invoke0(Native Method)
at java.base/jdk.internal.reflect.NativeMethodAccessorImpl.invoke(NativeMethodAccessorImpl.java:77)
at java.base/jdk.internal.reflect.DelegatingMethodAccessorImpl.invoke(DelegatingMethodAccessorImpl.java:43)
at java.base/java.lang.reflect.Method.invoke(Method.java:568)
at org.testng.internal.invokers.MethodInvocationHelper.invokeMethod(MethodInvocationHelper.java:139)
at org.testng.internal.invokers.TestInvoker.invokeMethod(TestInvoker.java:677)
at org.testng.internal.invokers.TestInvoker.invokeTestMethod(TestInvoker.java:221)
at org.testng.internal.invokers.MethodRunner.runInSequence(MethodRunner.java:50)
at org.testng.internal.invokers.TestInvoker$MethodInvocationAgent.invoke(TestInvoker.java:969)
at org.testng.internal.invokers.TestInvoker.invokeTestMethods(TestInvoker.java:194)
at org.testng.internal.invokers.TestMethodWorker.invokeTestMethods(TestMethodWorker.java:148)
at org.testng.internal.invokers.TestMethodWorker.run(TestMethodWorker.java:128)
at java.base/java.util.ArrayList.forEach(ArrayList.java:1511)
at org.testng.TestRunner.privateRun(TestRunner.java:829)
at org.testng.TestRunner.run(TestRunner.java:602)
at org.testng.SuiteRunner.runTest(SuiteRunner.java:437)
at org.testng.SuiteRunner.runSequentially(SuiteRunner.java:431)
at org.testng.SuiteRunner.privateRun(SuiteRunner.java:391)
at org.testng.SuiteRunner.run(SuiteRunner.java:330)
at org.testng.SuiteRunnerWorker.runSuite(SuiteRunnerWorker.java:52)
at org.testng.SuiteRunnerWorker.run(SuiteRunnerWorker.java:95)
at org.testng.TestNG.runSuitesSequentially(TestNG.java:1256)
at org.testng.TestNG.runSuitesLocally(TestNG.java:1176)
at org.testng.TestNG.runSuites(TestNG.java:1099)
at org.testng.TestNG.run(TestNG.java:1067)
at org.testng.remote.AbstractRemoteTestNG.run(AbstractRemoteTestNG.java:115)
at org.testng.remote.RemoteTestNG.initAndRun(RemoteTestNG.java:251)
at org.testng.remote.RemoteTestNG.main(RemoteTestNG.java:77)
]]>
            </full-stacktrace>
          </exception> <!-- org.openqa.selenium.NoSuchElementException -->
          <reporter-output>
          </reporter-output>
        </test-method> <!-- testUserVerify -->
        <test-method is-config="true" signature="teardown()[pri:0, instance:com.qa.testcases.TC_RegisterPage_002@6a78afa0]" started-at="2023-07-27T04:44:44 IST" name="teardown" finished-at="2023-07-27T04:44:44 IST" duration-ms="190" status="PASS">
          <reporter-output>
          </reporter-output>
        </test-method> <!-- teardown -->
      </class> <!-- com.qa.testcases.TC_RegisterPage_002 -->
      <class name="com.qa.testcases.TC_LoginPage_003">
        <test-method is-config="true" signature="setup()[pri:0, instance:com.qa.testcases.TC_LoginPage_003@2f4948e4]" started-at="2023-07-27T04:44:44 IST" name="setup" finished-at="2023-07-27T04:44:47 IST" duration-ms="2938" status="PASS">
          <reporter-output>
          </reporter-output>
        </test-method> <!-- setup -->
        <test-method signature="test1()[pri:1, instance:com.qa.testcases.TC_LoginPage_003@2f4948e4]" started-at="2023-07-27T04:44:47 IST" name="test1" finished-at="2023-07-27T04:44:52 IST" duration-ms="4542" status="PASS">
          <reporter-output>
          </reporter-output>
        </test-method> <!-- test1 -->
        <test-method signature="test2()[pri:2, instance:com.qa.testcases.TC_LoginPage_003@2f4948e4]" started-at="2023-07-27T04:44:52 IST" name="test2" finished-at="2023-07-27T04:44:53 IST" duration-ms="1885" status="PASS">
          <reporter-output>
          </reporter-output>
        </test-method> <!-- test2 -->
        <test-method signature="countinueLogin()[pri:3, instance:com.qa.testcases.TC_LoginPage_003@2f4948e4]" started-at="2023-07-27T04:44:53 IST" name="countinueLogin" finished-at="2023-07-27T04:44:53 IST" duration-ms="36" status="PASS">
          <reporter-output>
          </reporter-output>
        </test-method> <!-- countinueLogin -->
        <test-method is-config="true" signature="teardown()[pri:0, instance:com.qa.testcases.TC_LoginPage_003@2f4948e4]" started-at="2023-07-27T04:44:53 IST" name="teardown" finished-at="2023-07-27T04:44:54 IST" duration-ms="185" status="PASS">
          <reporter-output>
          </reporter-output>
        </test-method> <!-- teardown -->
      </class> <!-- com.qa.testcases.TC_LoginPage_003 -->
      <class name="com.qa.testcases.TC_LinksVerification_004">
        <test-method is-config="true" signature="setup()[pri:0, instance:com.qa.testcases.TC_LinksVerification_004@1f2586d6]" started-at="2023-07-27T04:44:54 IST" name="setup" finished-at="2023-07-27T04:44:57 IST" duration-ms="2964" status="PASS">
          <reporter-output>
          </reporter-output>
        </test-method> <!-- setup -->
        <test-method signature="test1()[pri:1, instance:com.qa.testcases.TC_LinksVerification_004@1f2586d6]" started-at="2023-07-27T04:44:57 IST" name="test1" finished-at="2023-07-27T04:45:08 IST" duration-ms="10942" status="PASS">
          <reporter-output>
          </reporter-output>
        </test-method> <!-- test1 -->
        <test-method signature="test2()[pri:2, instance:com.qa.testcases.TC_LinksVerification_004@1f2586d6]" started-at="2023-07-27T04:45:08 IST" name="test2" finished-at="2023-07-27T04:45:09 IST" duration-ms="958" status="PASS">
          <reporter-output>
          </reporter-output>
        </test-method> <!-- test2 -->
        <test-method is-config="true" signature="teardown()[pri:0, instance:com.qa.testcases.TC_LinksVerification_004@1f2586d6]" started-at="2023-07-27T04:45:09 IST" name="teardown" finished-at="2023-07-27T04:45:09 IST" duration-ms="141" status="PASS">
          <reporter-output>
          </reporter-output>
        </test-method> <!-- teardown -->
      </class> <!-- com.qa.testcases.TC_LinksVerification_004 -->
      <class name="com.qa.testcases.TC_linkTest_001">
        <test-method is-config="true" signature="setup()[pri:0, instance:com.qa.testcases.TC_linkTest_001@1165b38]" started-at="2023-07-27T04:44:25 IST" name="setup" finished-at="2023-07-27T04:44:29 IST" duration-ms="4047" status="PASS">
          <reporter-output>
          </reporter-output>
        </test-method> <!-- setup -->
        <test-method signature="linkTest()[pri:0, instance:com.qa.testcases.TC_linkTest_001@1165b38]" started-at="2023-07-27T04:44:29 IST" name="linkTest" finished-at="2023-07-27T04:44:34 IST" duration-ms="5370" status="PASS">
          <reporter-output>
          </reporter-output>
        </test-method> <!-- linkTest -->
        <test-method is-config="true" signature="teardown()[pri:0, instance:com.qa.testcases.TC_linkTest_001@1165b38]" started-at="2023-07-27T04:44:34 IST" name="teardown" finished-at="2023-07-27T04:44:34 IST" duration-ms="197" status="PASS">
          <reporter-output>
          </reporter-output>
        </test-method> <!-- teardown -->
      </class> <!-- com.qa.testcases.TC_linkTest_001 -->
      <class name="com.qa.testcases.TC_VerifyMainElements_005">
        <test-method is-config="true" signature="setup()[pri:0, instance:com.qa.testcases.TC_VerifyMainElements_005@10683d9d]" started-at="2023-07-27T04:45:09 IST" name="setup" finished-at="2023-07-27T04:45:12 IST" duration-ms="3007" status="PASS">
          <reporter-output>
          </reporter-output>
        </test-method> <!-- setup -->
        <test-method signature="test1()[pri:1, instance:com.qa.testcases.TC_VerifyMainElements_005@10683d9d]" started-at="2023-07-27T04:45:12 IST" name="test1" finished-at="2023-07-27T04:45:16 IST" duration-ms="4720" status="PASS">
          <reporter-output>
          </reporter-output>
        </test-method> <!-- test1 -->
        <test-method signature="test2()[pri:2, instance:com.qa.testcases.TC_VerifyMainElements_005@10683d9d]" started-at="2023-07-27T04:45:16 IST" name="test2" finished-at="2023-07-27T04:45:17 IST" duration-ms="120" status="PASS">
          <reporter-output>
          </reporter-output>
        </test-method> <!-- test2 -->
        <test-method signature="test3()[pri:3, instance:com.qa.testcases.TC_VerifyMainElements_005@10683d9d]" started-at="2023-07-27T04:45:17 IST" name="test3" finished-at="2023-07-27T04:45:17 IST" duration-ms="15" status="PASS">
          <reporter-output>
          </reporter-output>
        </test-method> <!-- test3 -->
        <test-method is-config="true" signature="teardown()[pri:0, instance:com.qa.testcases.TC_VerifyMainElements_005@10683d9d]" started-at="2023-07-27T04:45:17 IST" name="teardown" finished-at="2023-07-27T04:45:17 IST" duration-ms="175" status="PASS">
          <reporter-output>
          </reporter-output>
        </test-method> <!-- teardown -->
      </class> <!-- com.qa.testcases.TC_VerifyMainElements_005 -->
    </test> <!-- Test -->
  </suite> <!-- Suite -->
</testng-results>
